<?xml version="1.0" encoding="UTF-8"?>
<!-- Generated by org.testng.reporters.JUnitReportReporter -->
<testsuite hostname="DESKTOP-CA4Q9GU" failures="0" tests="1" name="oopsconcept.PS2" time="0.017" errors="0" timestamp="2023-11-01T21:19:52 IST" skipped="0">
  <testcase classname="oopsconcept.PS2" name="testRun" time="0.017"/>
</testsuite> <!-- oopsconcept.PS2 -->
